# JRE version: Java(TM) SE Runtime Environment (8.0_05-b13) (build 1.8.0_05-b13)
# Java VM: Java HotSpot(TM) 64-Bit Server VM (25.5-b02 mixed mode bsd-amd64 compressed oops)
Heap:
 PSYoungGen      total 231424K, used 214176K [0x00000007b0000000, 0x00000007c0000000, 0x00000007c0000000)
  eden space 204800K, 94% used [0x00000007b0000000,0x00000007bbd33d08,0x00000007bc800000)
  from space 26624K, 76% used [0x00000007be600000,0x00000007bf9f4388,0x00000007c0000000)
  to   space 28672K, 0% used [0x00000007bc800000,0x00000007bc800000,0x00000007be400000)
 ParOldGen       total 94720K, used 77715K [0x0000000790000000, 0x0000000795c80000, 0x00000007b0000000)
  object space 94720K, 82% used [0x0000000790000000,0x0000000794be4e78,0x0000000795c80000)
 Metaspace       used 60799K, capacity 62376K, committed 62660K, reserved 1103872K
  class space    used 7070K, capacity 7600K, committed 7680K, reserved 1048576K
GC Heap History (10 events):
Event: 16.040 GC heap before
{Heap before GC invocations=56 (full 5):
 PSYoungGen      total 242176K, used 229030K [0x00000007b0000000, 0x00000007c0000000, 0x00000007c0000000)
  eden space 228352K, 96% used [0x00000007b0000000,0x00000007bd7b3be0,0x00000007bdf00000)
  from space 13824K, 58% used [0x00000007bf280000,0x00000007bfa75ec8,0x00000007c0000000)
  to   space 16896K, 0% used [0x00000007bdf00000,0x00000007bdf00000,0x00000007bef80000)
 ParOldGen       total 77312K, used 63702K [0x0000000790000000, 0x0000000794b80000, 0x00000007b0000000)
  object space 77312K, 82% used [0x0000000790000000,0x0000000793e358a8,0x0000000794b80000)
 Metaspace       used 54617K, capacity 55932K, committed 56388K, reserved 1099776K
  class space    used 6244K, capacity 6659K, committed 6784K, reserved 1048576K
Event: 16.084 GC heap after
Heap after GC invocations=56 (full 5):
 PSYoungGen      total 245248K, used 16885K [0x00000007b0000000, 0x00000007c0000000, 0x00000007c0000000)
  eden space 228352K, 0% used [0x00000007b0000000,0x00000007b0000000,0x00000007bdf00000)
  from space 16896K, 99% used [0x00000007bdf00000,0x00000007bef7d430,0x00000007bef80000)
  to   space 16896K, 0% used [0x00000007bef80000,0x00000007bef80000,0x00000007c0000000)
 ParOldGen       total 77312K, used 68257K [0x0000000790000000, 0x0000000794b80000, 0x00000007b0000000)
  object space 77312K, 88% used [0x0000000790000000,0x00000007942a86d8,0x0000000794b80000)
 Metaspace       used 54617K, capacity 55932K, committed 56388K, reserved 1099776K
  class space    used 6244K, capacity 6659K, committed 6784K, reserved 1048576K
}
Event: 16.605 GC heap before
{Heap before GC invocations=57 (full 5):
 PSYoungGen      total 245248K, used 241629K [0x00000007b0000000, 0x00000007c0000000, 0x00000007c0000000)
  eden space 228352K, 98% used [0x00000007b0000000,0x00000007bdb7a250,0x00000007bdf00000)
  from space 16896K, 99% used [0x00000007bdf00000,0x00000007bef7d430,0x00000007bef80000)
  to   space 16896K, 0% used [0x00000007bef80000,0x00000007bef80000,0x00000007c0000000)
 ParOldGen       total 77312K, used 68257K [0x0000000790000000, 0x0000000794b80000, 0x00000007b0000000)
  object space 77312K, 88% used [0x0000000790000000,0x00000007942a86d8,0x0000000794b80000)
 Metaspace       used 55815K, capacity 57154K, committed 57284K, reserved 1099776K
  class space    used 6441K, capacity 6834K, committed 6912K, reserved 1048576K
Event: 16.629 GC heap after
Heap after GC invocations=57 (full 5):
 PSYoungGen      total 228864K, used 16880K [0x00000007b0000000, 0x00000007c0000000, 0x00000007c0000000)
  eden space 211968K, 0% used [0x00000007b0000000,0x00000007b0000000,0x00000007bcf00000)
  from space 16896K, 99% used [0x00000007bef80000,0x00000007bfffc2c0,0x00000007c0000000)
  to   space 25088K, 0% used [0x00000007bcf00000,0x00000007bcf00000,0x00000007be780000)
 ParOldGen       total 77312K, used 73615K [0x0000000790000000, 0x0000000794b80000, 0x00000007b0000000)
  object space 77312K, 95% used [0x0000000790000000,0x00000007947e3d70,0x0000000794b80000)
 Metaspace       used 55815K, capacity 57154K, committed 57284K, reserved 1099776K
  class space    used 6441K, capacity 6834K, committed 6912K, reserved 1048576K
}
Event: 16.629 GC heap before
{Heap before GC invocations=58 (full 6):
 PSYoungGen      total 228864K, used 16880K [0x00000007b0000000, 0x00000007c0000000, 0x00000007c0000000)
  eden space 211968K, 0% used [0x00000007b0000000,0x00000007b0000000,0x00000007bcf00000)
  from space 16896K, 99% used [0x00000007bef80000,0x00000007bfffc2c0,0x00000007c0000000)
  to   space 25088K, 0% used [0x00000007bcf00000,0x00000007bcf00000,0x00000007be780000)
 ParOldGen       total 77312K, used 73615K [0x0000000790000000, 0x0000000794b80000, 0x00000007b0000000)
  object space 77312K, 95% used [0x0000000790000000,0x00000007947e3d70,0x0000000794b80000)
 Metaspace       used 55815K, capacity 57154K, committed 57284K, reserved 1099776K
  class space    used 6441K, capacity 6834K, committed 6912K, reserved 1048576K
Event: 17.089 GC heap after
Heap after GC invocations=58 (full 6):
 PSYoungGen      total 228864K, used 11204K [0x00000007b0000000, 0x00000007c0000000, 0x00000007c0000000)
  eden space 211968K, 0% used [0x00000007b0000000,0x00000007b0000000,0x00000007bcf00000)
  from space 16896K, 66% used [0x00000007bef80000,0x00000007bfa71170,0x00000007c0000000)
  to   space 25088K, 0% used [0x00000007bcf00000,0x00000007bcf00000,0x00000007be780000)
 ParOldGen       total 94720K, used 77311K [0x0000000790000000, 0x0000000795c80000, 0x00000007b0000000)
  object space 94720K, 81% used [0x0000000790000000,0x0000000794b7fe68,0x0000000795c80000)
 Metaspace       used 55815K, capacity 57154K, committed 57284K, reserved 1099776K
  class space    used 6441K, capacity 6834K, committed 6912K, reserved 1048576K
}
Event: 17.715 GC heap before
{Heap before GC invocations=59 (full 6):
 PSYoungGen      total 228864K, used 218259K [0x00000007b0000000, 0x00000007c0000000, 0x00000007c0000000)
  eden space 211968K, 97% used [0x00000007b0000000,0x00000007bca33dc0,0x00000007bcf00000)
  from space 16896K, 66% used [0x00000007bef80000,0x00000007bfa71170,0x00000007c0000000)
  to   space 25088K, 0% used [0x00000007bcf00000,0x00000007bcf00000,0x00000007be780000)
 ParOldGen       total 94720K, used 77311K [0x0000000790000000, 0x0000000795c80000, 0x00000007b0000000)
  object space 94720K, 81% used [0x0000000790000000,0x0000000794b7fe68,0x0000000795c80000)
 Metaspace       used 57309K, capacity 58672K, committed 58820K, reserved 1101824K
  class space    used 6676K, capacity 7113K, committed 7168K, reserved 1048576K
Event: 17.758 GC heap after
Heap after GC invocations=59 (full 6):
 PSYoungGen      total 229888K, used 17757K [0x00000007b0000000, 0x00000007c0000000, 0x00000007c0000000)
  eden space 211968K, 0% used [0x00000007b0000000,0x00000007b0000000,0x00000007bcf00000)
  from space 17920K, 99% used [0x00000007bcf00000,0x00000007be057710,0x00000007be080000)
  to   space 26624K, 0% used [0x00000007be600000,0x00000007be600000,0x00000007c0000000)
 ParOldGen       total 94720K, used 77707K [0x0000000790000000, 0x0000000795c80000, 0x00000007b0000000)
  object space 94720K, 82% used [0x0000000790000000,0x0000000794be2e78,0x0000000795c80000)
 Metaspace       used 57309K, capacity 58672K, committed 58820K, reserved 1101824K
  class space    used 6676K, capacity 7113K, committed 7168K, reserved 1048576K
}
Event: 18.349 GC heap before
{Heap before GC invocations=60 (full 6):
 PSYoungGen      total 229888K, used 229725K [0x00000007b0000000, 0x00000007c0000000, 0x00000007c0000000)
  eden space 211968K, 100% used [0x00000007b0000000,0x00000007bcf00000,0x00000007bcf00000)
  from space 17920K, 99% used [0x00000007bcf00000,0x00000007be057710,0x00000007be080000)
  to   space 26624K, 0% used [0x00000007be600000,0x00000007be600000,0x00000007c0000000)
 ParOldGen       total 94720K, used 77707K [0x0000000790000000, 0x0000000795c80000, 0x00000007b0000000)
  object space 94720K, 82% used [0x0000000790000000,0x0000000794be2e78,0x0000000795c80000)
 Metaspace       used 59153K, capacity 60652K, committed 60868K, reserved 1103872K
  class space    used 6929K, capacity 7393K, committed 7424K, reserved 1048576K
Event: 18.371 GC heap after
Heap after GC invocations=60 (full 6):
 PSYoungGen      total 231424K, used 20432K [0x00000007b0000000, 0x00000007c0000000, 0x00000007c0000000)
  eden space 204800K, 0% used [0x00000007b0000000,0x00000007b0000000,0x00000007bc800000)
  from space 26624K, 76% used [0x00000007be600000,0x00000007bf9f4388,0x00000007c0000000)
  to   space 28672K, 0% used [0x00000007bc800000,0x00000007bc800000,0x00000007be400000)
 ParOldGen       total 94720K, used 77715K [0x0000000790000000, 0x0000000795c80000, 0x00000007b0000000)
  object space 94720K, 82% used [0x0000000790000000,0x0000000794be4e78,0x0000000795c80000)
 Metaspace       used 59153K, capacity 60652K, committed 60868K, reserved 1103872K
  class space    used 6929K, capacity 7393K, committed 7424K, reserved 1048576K
}

