# JRE version: Java(TM) SE Runtime Environment (8.0_05-b13) (build 1.8.0_05-b13)
# Java VM: Java HotSpot(TM) 64-Bit Server VM (25.5-b02 mixed mode bsd-amd64 compressed oops)
Heap:
 PSYoungGen      total 236544K, used 127914K [0x00000007b0000000, 0x00000007c0000000, 0x00000007c0000000)
  eden space 215040K, 50% used [0x00000007b0000000,0x00000007b6aa9370,0x00000007bd200000)
  from space 21504K, 86% used [0x00000007beb00000,0x00000007bfd416b8,0x00000007c0000000)
  to   space 23552K, 0% used [0x00000007bd200000,0x00000007bd200000,0x00000007be900000)
 ParOldGen       total 93184K, used 76322K [0x0000000790000000, 0x0000000795b00000, 0x00000007b0000000)
  object space 93184K, 81% used [0x0000000790000000,0x0000000794a88b00,0x0000000795b00000)
 Metaspace       used 58166K, capacity 59624K, committed 59716K, reserved 1101824K
  class space    used 6806K, capacity 7281K, committed 7296K, reserved 1048576K
GC Heap History (10 events):
Event: 11.226 GC heap before
{Heap before GC invocations=56 (full 5):
 PSYoungGen      total 247296K, used 13283K [0x00000007b0000000, 0x00000007c0000000, 0x00000007c0000000)
  eden space 233984K, 0% used [0x00000007b0000000,0x00000007b0000000,0x00000007be480000)
  from space 13312K, 99% used [0x00000007be480000,0x00000007bf178ed8,0x00000007bf180000)
  to   space 14848K, 0% used [0x00000007bf180000,0x00000007bf180000,0x00000007c0000000)
 ParOldGen       total 64000K, used 59419K [0x0000000790000000, 0x0000000793e80000, 0x00000007b0000000)
  object space 64000K, 92% used [0x0000000790000000,0x0000000793a06fb8,0x0000000793e80000)
 Metaspace       used 51967K, capacity 53194K, committed 53444K, reserved 1095680K
  class space    used 5929K, capacity 6304K, committed 6400K, reserved 1048576K
Event: 11.973 GC heap after
Heap after GC invocations=56 (full 5):
 PSYoungGen      total 247296K, used 8069K [0x00000007b0000000, 0x00000007c0000000, 0x00000007c0000000)
  eden space 233984K, 0% used [0x00000007b0000000,0x00000007b0000000,0x00000007be480000)
  from space 13312K, 60% used [0x00000007be480000,0x00000007bec61590,0x00000007bf180000)
  to   space 14848K, 0% used [0x00000007bf180000,0x00000007bf180000,0x00000007c0000000)
 ParOldGen       total 76288K, used 63594K [0x0000000790000000, 0x0000000794a80000, 0x00000007b0000000)
  object space 76288K, 83% used [0x0000000790000000,0x0000000793e1a8d8,0x0000000794a80000)
 Metaspace       used 51967K, capacity 53194K, committed 53444K, reserved 1095680K
  class space    used 5929K, capacity 6304K, committed 6400K, reserved 1048576K
}
Event: 12.896 GC heap before
{Heap before GC invocations=57 (full 5):
 PSYoungGen      total 247296K, used 242053K [0x00000007b0000000, 0x00000007c0000000, 0x00000007c0000000)
  eden space 233984K, 100% used [0x00000007b0000000,0x00000007be480000,0x00000007be480000)
  from space 13312K, 60% used [0x00000007be480000,0x00000007bec61590,0x00000007bf180000)
  to   space 14848K, 0% used [0x00000007bf180000,0x00000007bf180000,0x00000007c0000000)
 ParOldGen       total 76288K, used 63594K [0x0000000790000000, 0x0000000794a80000, 0x00000007b0000000)
  object space 76288K, 83% used [0x0000000790000000,0x0000000793e1a8d8,0x0000000794a80000)
 Metaspace       used 54530K, capacity 55804K, committed 56004K, reserved 1099776K
  class space    used 6228K, capacity 6595K, committed 6656K, reserved 1048576K
Event: 12.939 GC heap after
Heap after GC invocations=57 (full 5):
 PSYoungGen      total 235008K, used 14836K [0x00000007b0000000, 0x00000007c0000000, 0x00000007c0000000)
  eden space 220160K, 0% used [0x00000007b0000000,0x00000007b0000000,0x00000007bd700000)
  from space 14848K, 99% used [0x00000007bf180000,0x00000007bfffd300,0x00000007c0000000)
  to   space 20992K, 0% used [0x00000007bd700000,0x00000007bd700000,0x00000007beb80000)
 ParOldGen       total 76288K, used 70541K [0x0000000790000000, 0x0000000794a80000, 0x00000007b0000000)
  object space 76288K, 92% used [0x0000000790000000,0x00000007944e34d8,0x0000000794a80000)
 Metaspace       used 54530K, capacity 55804K, committed 56004K, reserved 1099776K
  class space    used 6228K, capacity 6595K, committed 6656K, reserved 1048576K
}
Event: 12.939 GC heap before
{Heap before GC invocations=58 (full 6):
 PSYoungGen      total 235008K, used 14836K [0x00000007b0000000, 0x00000007c0000000, 0x00000007c0000000)
  eden space 220160K, 0% used [0x00000007b0000000,0x00000007b0000000,0x00000007bd700000)
  from space 14848K, 99% used [0x00000007bf180000,0x00000007bfffd300,0x00000007c0000000)
  to   space 20992K, 0% used [0x00000007bd700000,0x00000007bd700000,0x00000007beb80000)
 ParOldGen       total 76288K, used 70541K [0x0000000790000000, 0x0000000794a80000, 0x00000007b0000000)
  object space 76288K, 92% used [0x0000000790000000,0x00000007944e34d8,0x0000000794a80000)
 Metaspace       used 54530K, capacity 55804K, committed 56004K, reserved 1099776K
  class space    used 6228K, capacity 6595K, committed 6656K, reserved 1048576K
Event: 13.386 GC heap after
Heap after GC invocations=58 (full 6):
 PSYoungGen      total 235008K, used 8097K [0x00000007b0000000, 0x00000007c0000000, 0x00000007c0000000)
  eden space 220160K, 0% used [0x00000007b0000000,0x00000007b0000000,0x00000007bd700000)
  from space 14848K, 54% used [0x00000007bf180000,0x00000007bf968668,0x00000007c0000000)
  to   space 20992K, 0% used [0x00000007bd700000,0x00000007bd700000,0x00000007beb80000)
 ParOldGen       total 93184K, used 76130K [0x0000000790000000, 0x0000000795b00000, 0x00000007b0000000)
  object space 93184K, 81% used [0x0000000790000000,0x0000000794a58b00,0x0000000795b00000)
 Metaspace       used 54530K, capacity 55804K, committed 56004K, reserved 1099776K
  class space    used 6228K, capacity 6595K, committed 6656K, reserved 1048576K
}
Event: 13.797 GC heap before
{Heap before GC invocations=59 (full 6):
 PSYoungGen      total 235008K, used 228257K [0x00000007b0000000, 0x00000007c0000000, 0x00000007c0000000)
  eden space 220160K, 100% used [0x00000007b0000000,0x00000007bd700000,0x00000007bd700000)
  from space 14848K, 54% used [0x00000007bf180000,0x00000007bf968668,0x00000007c0000000)
  to   space 20992K, 0% used [0x00000007bd700000,0x00000007bd700000,0x00000007beb80000)
 ParOldGen       total 93184K, used 76130K [0x0000000790000000, 0x0000000795b00000, 0x00000007b0000000)
  object space 93184K, 81% used [0x0000000790000000,0x0000000794a58b00,0x0000000795b00000)
 Metaspace       used 55702K, capacity 57028K, committed 57284K, reserved 1099776K
  class space    used 6414K, capacity 6836K, committed 6912K, reserved 1048576K
Event: 13.835 GC heap after
Heap after GC invocations=59 (full 6):
 PSYoungGen      total 233984K, used 13480K [0x00000007b0000000, 0x00000007c0000000, 0x00000007c0000000)
  eden space 220160K, 0% used [0x00000007b0000000,0x00000007b0000000,0x00000007bd700000)
  from space 13824K, 97% used [0x00000007bd700000,0x00000007be42a168,0x00000007be480000)
  to   space 21504K, 0% used [0x00000007beb00000,0x00000007beb00000,0x00000007c0000000)
 ParOldGen       total 93184K, used 76314K [0x0000000790000000, 0x0000000795b00000, 0x00000007b0000000)
  object space 93184K, 81% used [0x0000000790000000,0x0000000794a86b00,0x0000000795b00000)
 Metaspace       used 55702K, capacity 57028K, committed 57284K, reserved 1099776K
  class space    used 6414K, capacity 6836K, committed 6912K, reserved 1048576K
}
Event: 14.383 GC heap before
{Heap before GC invocations=60 (full 6):
 PSYoungGen      total 233984K, used 224279K [0x00000007b0000000, 0x00000007c0000000, 0x00000007c0000000)
  eden space 220160K, 95% used [0x00000007b0000000,0x00000007bcddbad0,0x00000007bd700000)
  from space 13824K, 97% used [0x00000007bd700000,0x00000007be42a168,0x00000007be480000)
  to   space 21504K, 0% used [0x00000007beb00000,0x00000007beb00000,0x00000007c0000000)
 ParOldGen       total 93184K, used 76314K [0x0000000790000000, 0x0000000795b00000, 0x00000007b0000000)
  object space 93184K, 81% used [0x0000000790000000,0x0000000794a86b00,0x0000000795b00000)
 Metaspace       used 57195K, capacity 58596K, committed 58820K, reserved 1101824K
  class space    used 6673K, capacity 7109K, committed 7168K, reserved 1048576K
Event: 14.401 GC heap after
Heap after GC invocations=60 (full 6):
 PSYoungGen      total 236544K, used 18693K [0x00000007b0000000, 0x00000007c0000000, 0x00000007c0000000)
  eden space 215040K, 0% used [0x00000007b0000000,0x00000007b0000000,0x00000007bd200000)
  from space 21504K, 86% used [0x00000007beb00000,0x00000007bfd416b8,0x00000007c0000000)
  to   space 23552K, 0% used [0x00000007bd200000,0x00000007bd200000,0x00000007be900000)
 ParOldGen       total 93184K, used 76322K [0x0000000790000000, 0x0000000795b00000, 0x00000007b0000000)
  object space 93184K, 81% used [0x0000000790000000,0x0000000794a88b00,0x0000000795b00000)
 Metaspace       used 57195K, capacity 58596K, committed 58820K, reserved 1101824K
  class space    used 6673K, capacity 7109K, committed 7168K, reserved 1048576K
}

