# JRE version: Java(TM) SE Runtime Environment (8.0_05-b13) (build 1.8.0_05-b13)
# Java VM: Java HotSpot(TM) 64-Bit Server VM (25.5-b02 mixed mode bsd-amd64 compressed oops)
Heap:
 PSYoungGen      total 230912K, used 98110K [0x00000007b0000000, 0x00000007c0000000, 0x00000007c0000000)
  eden space 201728K, 37% used [0x00000007b0000000,0x00000007b49e69e8,0x00000007bc500000)
  from space 29184K, 76% used [0x00000007bc500000,0x00000007bdae8fd8,0x00000007be180000)
  to   space 31232K, 0% used [0x00000007be180000,0x00000007be180000,0x00000007c0000000)
 ParOldGen       total 77312K, used 63935K [0x0000000790000000, 0x0000000794b80000, 0x00000007b0000000)
  object space 77312K, 82% used [0x0000000790000000,0x0000000793e6fd88,0x0000000794b80000)
 Metaspace       used 55513K, capacity 56846K, committed 57044K, reserved 1099776K
  class space    used 6391K, capacity 6795K, committed 6868K, reserved 1048576K
GC Heap History (10 events):
Event: 12.178 GC heap before
{Heap before GC invocations=52 (full 4):
 PSYoungGen      total 237568K, used 237562K [0x00000007b0000000, 0x00000007c0000000, 0x00000007c0000000)
  eden space 224256K, 100% used [0x00000007b0000000,0x00000007bdb00000,0x00000007bdb00000)
  from space 13312K, 99% used [0x00000007bdb00000,0x00000007be7fe940,0x00000007be800000)
  to   space 19456K, 0% used [0x00000007bed00000,0x00000007bed00000,0x00000007c0000000)
 ParOldGen       total 64000K, used 47189K [0x0000000790000000, 0x0000000793e80000, 0x00000007b0000000)
  object space 64000K, 73% used [0x0000000790000000,0x0000000792e15728,0x0000000793e80000)
 Metaspace       used 50494K, capacity 51706K, committed 52052K, reserved 1095680K
  class space    used 5746K, capacity 6120K, committed 6228K, reserved 1048576K
Event: 12.198 GC heap after
Heap after GC invocations=52 (full 4):
 PSYoungGen      total 239616K, used 15813K [0x00000007b0000000, 0x00000007c0000000, 0x00000007c0000000)
  eden space 220160K, 0% used [0x00000007b0000000,0x00000007b0000000,0x00000007bd700000)
  from space 19456K, 81% used [0x00000007bed00000,0x00000007bfc71780,0x00000007c0000000)
  to   space 20992K, 0% used [0x00000007bd700000,0x00000007bd700000,0x00000007beb80000)
 ParOldGen       total 64000K, used 47197K [0x0000000790000000, 0x0000000793e80000, 0x00000007b0000000)
  object space 64000K, 73% used [0x0000000790000000,0x0000000792e17728,0x0000000793e80000)
 Metaspace       used 50494K, capacity 51706K, committed 52052K, reserved 1095680K
  class space    used 5746K, capacity 6120K, committed 6228K, reserved 1048576K
}
Event: 12.837 GC heap before
{Heap before GC invocations=53 (full 4):
 PSYoungGen      total 239616K, used 235973K [0x00000007b0000000, 0x00000007c0000000, 0x00000007c0000000)
  eden space 220160K, 100% used [0x00000007b0000000,0x00000007bd700000,0x00000007bd700000)
  from space 19456K, 81% used [0x00000007bed00000,0x00000007bfc71780,0x00000007c0000000)
  to   space 20992K, 0% used [0x00000007bd700000,0x00000007bd700000,0x00000007beb80000)
 ParOldGen       total 64000K, used 47197K [0x0000000790000000, 0x0000000793e80000, 0x00000007b0000000)
  object space 64000K, 73% used [0x0000000790000000,0x0000000792e17728,0x0000000793e80000)
 Metaspace       used 51564K, capacity 52732K, committed 52948K, reserved 1095680K
  class space    used 5875K, capacity 6260K, committed 6356K, reserved 1048576K
Event: 12.859 GC heap after
Heap after GC invocations=53 (full 4):
 PSYoungGen      total 241152K, used 20972K [0x00000007b0000000, 0x00000007c0000000, 0x00000007c0000000)
  eden space 220160K, 0% used [0x00000007b0000000,0x00000007b0000000,0x00000007bd700000)
  from space 20992K, 99% used [0x00000007bd700000,0x00000007beb7b088,0x00000007beb80000)
  to   space 20992K, 0% used [0x00000007beb80000,0x00000007beb80000,0x00000007c0000000)
 ParOldGen       total 64000K, used 47386K [0x0000000790000000, 0x0000000793e80000, 0x00000007b0000000)
  object space 64000K, 74% used [0x0000000790000000,0x0000000792e46ba0,0x0000000793e80000)
 Metaspace       used 51564K, capacity 52732K, committed 52948K, reserved 1095680K
  class space    used 5875K, capacity 6260K, committed 6356K, reserved 1048576K
}
Event: 13.652 GC heap before
{Heap before GC invocations=54 (full 4):
 PSYoungGen      total 241152K, used 241132K [0x00000007b0000000, 0x00000007c0000000, 0x00000007c0000000)
  eden space 220160K, 100% used [0x00000007b0000000,0x00000007bd700000,0x00000007bd700000)
  from space 20992K, 99% used [0x00000007bd700000,0x00000007beb7b088,0x00000007beb80000)
  to   space 20992K, 0% used [0x00000007beb80000,0x00000007beb80000,0x00000007c0000000)
 ParOldGen       total 64000K, used 47386K [0x0000000790000000, 0x0000000793e80000, 0x00000007b0000000)
  object space 64000K, 74% used [0x0000000790000000,0x0000000792e46ba0,0x0000000793e80000)
 Metaspace       used 53168K, capacity 54422K, committed 54612K, reserved 1097728K
  class space    used 6030K, capacity 6434K, committed 6484K, reserved 1048576K
Event: 13.687 GC heap after
Heap after GC invocations=54 (full 4):
 PSYoungGen      total 222720K, used 20978K [0x00000007b0000000, 0x00000007c0000000, 0x00000007c0000000)
  eden space 201728K, 0% used [0x00000007b0000000,0x00000007b0000000,0x00000007bc500000)
  from space 20992K, 99% used [0x00000007beb80000,0x00000007bfffca30,0x00000007c0000000)
  to   space 30208K, 0% used [0x00000007bc500000,0x00000007bc500000,0x00000007be280000)
 ParOldGen       total 64000K, used 56553K [0x0000000790000000, 0x0000000793e80000, 0x00000007b0000000)
  object space 64000K, 88% used [0x0000000790000000,0x000000079373a4f8,0x0000000793e80000)
 Metaspace       used 53168K, capacity 54422K, committed 54612K, reserved 1097728K
  class space    used 6030K, capacity 6434K, committed 6484K, reserved 1048576K
}
Event: 14.430 GC heap before
{Heap before GC invocations=55 (full 4):
 PSYoungGen      total 222720K, used 218751K [0x00000007b0000000, 0x00000007c0000000, 0x00000007c0000000)
  eden space 201728K, 98% used [0x00000007b0000000,0x00000007bc1234b0,0x00000007bc500000)
  from space 20992K, 99% used [0x00000007beb80000,0x00000007bfffca30,0x00000007c0000000)
  to   space 30208K, 0% used [0x00000007bc500000,0x00000007bc500000,0x00000007be280000)
 ParOldGen       total 64000K, used 56553K [0x0000000790000000, 0x0000000793e80000, 0x00000007b0000000)
  object space 64000K, 88% used [0x0000000790000000,0x000000079373a4f8,0x0000000793e80000)
 Metaspace       used 55055K, capacity 56292K, committed 56660K, reserved 1099776K
  class space    used 6296K, capacity 6695K, committed 6740K, reserved 1048576K
Event: 14.456 GC heap after
Heap after GC invocations=55 (full 4):
 PSYoungGen      total 230912K, used 28851K [0x00000007b0000000, 0x00000007c0000000, 0x00000007c0000000)
  eden space 201728K, 0% used [0x00000007b0000000,0x00000007b0000000,0x00000007bc500000)
  from space 29184K, 98% used [0x00000007bc500000,0x00000007be12cd80,0x00000007be180000)
  to   space 31232K, 0% used [0x00000007be180000,0x00000007be180000,0x00000007c0000000)
 ParOldGen       total 64000K, used 59122K [0x0000000790000000, 0x0000000793e80000, 0x00000007b0000000)
  object space 64000K, 92% used [0x0000000790000000,0x00000007939bca38,0x0000000793e80000)
 Metaspace       used 55055K, capacity 56292K, committed 56660K, reserved 1099776K
  class space    used 6296K, capacity 6695K, committed 6740K, reserved 1048576K
}
Event: 14.456 GC heap before
{Heap before GC invocations=56 (full 5):
 PSYoungGen      total 230912K, used 28851K [0x00000007b0000000, 0x00000007c0000000, 0x00000007c0000000)
  eden space 201728K, 0% used [0x00000007b0000000,0x00000007b0000000,0x00000007bc500000)
  from space 29184K, 98% used [0x00000007bc500000,0x00000007be12cd80,0x00000007be180000)
  to   space 31232K, 0% used [0x00000007be180000,0x00000007be180000,0x00000007c0000000)
 ParOldGen       total 64000K, used 59122K [0x0000000790000000, 0x0000000793e80000, 0x00000007b0000000)
  object space 64000K, 92% used [0x0000000790000000,0x00000007939bca38,0x0000000793e80000)
 Metaspace       used 55055K, capacity 56292K, committed 56660K, reserved 1099776K
  class space    used 6296K, capacity 6695K, committed 6740K, reserved 1048576K
Event: 15.144 GC heap after
Heap after GC invocations=56 (full 5):
 PSYoungGen      total 230912K, used 22435K [0x00000007b0000000, 0x00000007c0000000, 0x00000007c0000000)
  eden space 201728K, 0% used [0x00000007b0000000,0x00000007b0000000,0x00000007bc500000)
  from space 29184K, 76% used [0x00000007bc500000,0x00000007bdae8fd8,0x00000007be180000)
  to   space 31232K, 0% used [0x00000007be180000,0x00000007be180000,0x00000007c0000000)
 ParOldGen       total 77312K, used 63935K [0x0000000790000000, 0x0000000794b80000, 0x00000007b0000000)
  object space 77312K, 82% used [0x0000000790000000,0x0000000793e6fd88,0x0000000794b80000)
 Metaspace       used 55055K, capacity 56292K, committed 56660K, reserved 1099776K
  class space    used 6296K, capacity 6695K, committed 6740K, reserved 1048576K
}

