# JRE version: Java(TM) SE Runtime Environment (8.0_05-b13) (build 1.8.0_05-b13)
# Java VM: Java HotSpot(TM) 64-Bit Server VM (25.5-b02 mixed mode bsd-amd64 compressed oops)
Heap:
 PSYoungGen      total 221696K, used 39668K [0x00000007b0000000, 0x00000007c0000000, 0x00000007c0000000)
  eden space 200704K, 12% used [0x00000007b0000000,0x00000007b1950058,0x00000007bc400000)
  from space 20992K, 65% used [0x00000007beb80000,0x00000007bf8ecfe8,0x00000007c0000000)
  to   space 30720K, 0% used [0x00000007bc400000,0x00000007bc400000,0x00000007be200000)
 ParOldGen       total 113664K, used 92706K [0x0000000790000000, 0x0000000796f00000, 0x00000007b0000000)
  object space 113664K, 81% used [0x0000000790000000,0x0000000795a888b0,0x0000000796f00000)
 Metaspace       used 61082K, capacity 62632K, committed 62776K, reserved 1103872K
  class space    used 7088K, capacity 7635K, committed 7736K, reserved 1048576K
GC Heap History (10 events):
Event: 16.468 GC heap before
{Heap before GC invocations=59 (full 6):
 PSYoungGen      total 238592K, used 230347K [0x00000007b0000000, 0x00000007c0000000, 0x00000007c0000000)
  eden space 227328K, 100% used [0x00000007b0000000,0x00000007bde00000,0x00000007bde00000)
  from space 11264K, 26% used [0x00000007bf500000,0x00000007bf7f2f70,0x00000007c0000000)
  to   space 17408K, 0% used [0x00000007bde00000,0x00000007bde00000,0x00000007bef00000)
 ParOldGen       total 93184K, used 76821K [0x0000000790000000, 0x0000000795b00000, 0x00000007b0000000)
  object space 93184K, 82% used [0x0000000790000000,0x0000000794b056f8,0x0000000795b00000)
 Metaspace       used 55577K, capacity 56874K, committed 57016K, reserved 1099776K
  class space    used 6407K, capacity 6798K, committed 6840K, reserved 1048576K
Event: 16.496 GC heap after
Heap after GC invocations=59 (full 6):
 PSYoungGen      total 239616K, used 12234K [0x00000007b0000000, 0x00000007c0000000, 0x00000007c0000000)
  eden space 227328K, 0% used [0x00000007b0000000,0x00000007b0000000,0x00000007bde00000)
  from space 12288K, 99% used [0x00000007bde00000,0x00000007be9f2b98,0x00000007bea00000)
  to   space 18432K, 0% used [0x00000007bee00000,0x00000007bee00000,0x00000007c0000000)
 ParOldGen       total 93184K, used 76853K [0x0000000790000000, 0x0000000795b00000, 0x00000007b0000000)
  object space 93184K, 82% used [0x0000000790000000,0x0000000794b0d6f8,0x0000000795b00000)
 Metaspace       used 55577K, capacity 56874K, committed 57016K, reserved 1099776K
  class space    used 6407K, capacity 6798K, committed 6840K, reserved 1048576K
}
Event: 17.201 GC heap before
{Heap before GC invocations=60 (full 6):
 PSYoungGen      total 239616K, used 230844K [0x00000007b0000000, 0x00000007c0000000, 0x00000007c0000000)
  eden space 227328K, 96% used [0x00000007b0000000,0x00000007bd57c6a8,0x00000007bde00000)
  from space 12288K, 99% used [0x00000007bde00000,0x00000007be9f2b98,0x00000007bea00000)
  to   space 18432K, 0% used [0x00000007bee00000,0x00000007bee00000,0x00000007c0000000)
 ParOldGen       total 93184K, used 76853K [0x0000000790000000, 0x0000000795b00000, 0x00000007b0000000)
  object space 93184K, 82% used [0x0000000790000000,0x0000000794b0d6f8,0x0000000795b00000)
 Metaspace       used 57078K, capacity 58592K, committed 58808K, reserved 1101824K
  class space    used 6627K, capacity 7081K, committed 7096K, reserved 1048576K
Event: 17.220 GC heap after
Heap after GC invocations=60 (full 6):
 PSYoungGen      total 238592K, used 18427K [0x00000007b0000000, 0x00000007c0000000, 0x00000007c0000000)
  eden space 220160K, 0% used [0x00000007b0000000,0x00000007b0000000,0x00000007bd700000)
  from space 18432K, 99% used [0x00000007bee00000,0x00000007bfffedf0,0x00000007c0000000)
  to   space 20992K, 0% used [0x00000007bd700000,0x00000007bd700000,0x00000007beb80000)
 ParOldGen       total 93184K, used 76981K [0x0000000790000000, 0x0000000795b00000, 0x00000007b0000000)
  object space 93184K, 82% used [0x0000000790000000,0x0000000794b2d5e8,0x0000000795b00000)
 Metaspace       used 57078K, capacity 58592K, committed 58808K, reserved 1101824K
  class space    used 6627K, capacity 7081K, committed 7096K, reserved 1048576K
}
Event: 17.709 GC heap before
{Heap before GC invocations=61 (full 6):
 PSYoungGen      total 238592K, used 238587K [0x00000007b0000000, 0x00000007c0000000, 0x00000007c0000000)
  eden space 220160K, 100% used [0x00000007b0000000,0x00000007bd700000,0x00000007bd700000)
  from space 18432K, 99% used [0x00000007bee00000,0x00000007bfffedf0,0x00000007c0000000)
  to   space 20992K, 0% used [0x00000007bd700000,0x00000007bd700000,0x00000007beb80000)
 ParOldGen       total 93184K, used 76981K [0x0000000790000000, 0x0000000795b00000, 0x00000007b0000000)
  object space 93184K, 82% used [0x0000000790000000,0x0000000794b2d5e8,0x0000000795b00000)
 Metaspace       used 59102K, capacity 60540K, committed 60728K, reserved 1101824K
  class space    used 6926K, capacity 7393K, committed 7480K, reserved 1048576K
Event: 17.730 GC heap after
Heap after GC invocations=61 (full 6):
 PSYoungGen      total 241152K, used 20961K [0x00000007b0000000, 0x00000007c0000000, 0x00000007c0000000)
  eden space 220160K, 0% used [0x00000007b0000000,0x00000007b0000000,0x00000007bd700000)
  from space 20992K, 99% used [0x00000007bd700000,0x00000007beb786f8,0x00000007beb80000)
  to   space 20992K, 0% used [0x00000007beb80000,0x00000007beb80000,0x00000007c0000000)
 ParOldGen       total 93184K, used 77390K [0x0000000790000000, 0x0000000795b00000, 0x00000007b0000000)
  object space 93184K, 83% used [0x0000000790000000,0x0000000794b93a30,0x0000000795b00000)
 Metaspace       used 59102K, capacity 60540K, committed 60728K, reserved 1101824K
  class space    used 6926K, capacity 7393K, committed 7480K, reserved 1048576K
}
Event: 18.384 GC heap before
{Heap before GC invocations=62 (full 6):
 PSYoungGen      total 241152K, used 240295K [0x00000007b0000000, 0x00000007c0000000, 0x00000007c0000000)
  eden space 220160K, 99% used [0x00000007b0000000,0x00000007bd631658,0x00000007bd700000)
  from space 20992K, 99% used [0x00000007bd700000,0x00000007beb786f8,0x00000007beb80000)
  to   space 20992K, 0% used [0x00000007beb80000,0x00000007beb80000,0x00000007c0000000)
 ParOldGen       total 93184K, used 77390K [0x0000000790000000, 0x0000000795b00000, 0x00000007b0000000)
  object space 93184K, 83% used [0x0000000790000000,0x0000000794b93a30,0x0000000795b00000)
 Metaspace       used 61025K, capacity 62584K, committed 62648K, reserved 1103872K
  class space    used 7080K, capacity 7600K, committed 7608K, reserved 1048576K
Event: 18.425 GC heap after
Heap after GC invocations=62 (full 6):
 PSYoungGen      total 221696K, used 20960K [0x00000007b0000000, 0x00000007c0000000, 0x00000007c0000000)
  eden space 200704K, 0% used [0x00000007b0000000,0x00000007b0000000,0x00000007bc400000)
  from space 20992K, 99% used [0x00000007beb80000,0x00000007bfff8010,0x00000007c0000000)
  to   space 30720K, 0% used [0x00000007bc400000,0x00000007bc400000,0x00000007be200000)
 ParOldGen       total 93184K, used 87222K [0x0000000790000000, 0x0000000795b00000, 0x00000007b0000000)
  object space 93184K, 93% used [0x0000000790000000,0x000000079552da88,0x0000000795b00000)
 Metaspace       used 61025K, capacity 62584K, committed 62648K, reserved 1103872K
  class space    used 7080K, capacity 7600K, committed 7608K, reserved 1048576K
}
Event: 18.425 GC heap before
{Heap before GC invocations=63 (full 7):
 PSYoungGen      total 221696K, used 20960K [0x00000007b0000000, 0x00000007c0000000, 0x00000007c0000000)
  eden space 200704K, 0% used [0x00000007b0000000,0x00000007b0000000,0x00000007bc400000)
  from space 20992K, 99% used [0x00000007beb80000,0x00000007bfff8010,0x00000007c0000000)
  to   space 30720K, 0% used [0x00000007bc400000,0x00000007bc400000,0x00000007be200000)
 ParOldGen       total 93184K, used 87222K [0x0000000790000000, 0x0000000795b00000, 0x00000007b0000000)
  object space 93184K, 93% used [0x0000000790000000,0x000000079552da88,0x0000000795b00000)
 Metaspace       used 61025K, capacity 62584K, committed 62648K, reserved 1103872K
  class space    used 7080K, capacity 7600K, committed 7608K, reserved 1048576K
Event: 19.274 GC heap after
Heap after GC invocations=63 (full 7):
 PSYoungGen      total 221696K, used 13747K [0x00000007b0000000, 0x00000007c0000000, 0x00000007c0000000)
  eden space 200704K, 0% used [0x00000007b0000000,0x00000007b0000000,0x00000007bc400000)
  from space 20992K, 65% used [0x00000007beb80000,0x00000007bf8ecfe8,0x00000007c0000000)
  to   space 30720K, 0% used [0x00000007bc400000,0x00000007bc400000,0x00000007be200000)
 ParOldGen       total 113664K, used 92706K [0x0000000790000000, 0x0000000796f00000, 0x00000007b0000000)
  object space 113664K, 81% used [0x0000000790000000,0x0000000795a888b0,0x0000000796f00000)
 Metaspace       used 61025K, capacity 62584K, committed 62648K, reserved 1103872K
  class space    used 7080K, capacity 7600K, committed 7608K, reserved 1048576K
}

