# JRE version: Java(TM) SE Runtime Environment (8.0_05-b13) (build 1.8.0_05-b13)
# Java VM: Java HotSpot(TM) 64-Bit Server VM (25.5-b02 mixed mode bsd-amd64 compressed oops)
Heap:
 PSYoungGen      total 243200K, used 135766K [0x00000007b0000000, 0x00000007c0000000, 0x00000007c0000000)
  eden space 224256K, 55% used [0x00000007b0000000,0x00000007b7a3a178,0x00000007bdb00000)
  from space 18944K, 55% used [0x00000007bdb00000,0x00000007be55b6c0,0x00000007bed80000)
  to   space 18944K, 0% used [0x00000007bed80000,0x00000007bed80000,0x00000007c0000000)
 ParOldGen       total 92160K, used 76706K [0x0000000790000000, 0x0000000795a00000, 0x00000007b0000000)
  object space 92160K, 83% used [0x0000000790000000,0x0000000794ae88f8,0x0000000795a00000)
 Metaspace       used 56194K, capacity 57652K, committed 57924K, reserved 1099776K
  class space    used 6487K, capacity 6945K, committed 7040K, reserved 1048576K
GC Heap History (10 events):
Event: 13.594 GC heap before
{Heap before GC invocations=51 (full 4):
 PSYoungGen      total 247808K, used 247191K [0x00000007b0000000, 0x00000007c0000000, 0x00000007c0000000)
  eden space 236544K, 100% used [0x00000007b0000000,0x00000007be700000,0x00000007be700000)
  from space 11264K, 94% used [0x00000007bf380000,0x00000007bfde5cd0,0x00000007bfe80000)
  to   space 12800K, 0% used [0x00000007be700000,0x00000007be700000,0x00000007bf380000)
 ParOldGen       total 64000K, used 54762K [0x0000000790000000, 0x0000000793e80000, 0x00000007b0000000)
  object space 64000K, 85% used [0x0000000790000000,0x000000079357a8d8,0x0000000793e80000)
 Metaspace       used 51689K, capacity 52942K, committed 53060K, reserved 1095680K
  class space    used 5896K, capacity 6268K, committed 6272K, reserved 1048576K
Event: 13.609 GC heap after
Heap after GC invocations=51 (full 4):
 PSYoungGen      total 249344K, used 12771K [0x00000007b0000000, 0x00000007c0000000, 0x00000007c0000000)
  eden space 236544K, 0% used [0x00000007b0000000,0x00000007b0000000,0x00000007be700000)
  from space 12800K, 99% used [0x00000007be700000,0x00000007bf378ed8,0x00000007bf380000)
  to   space 12800K, 0% used [0x00000007bf380000,0x00000007bf380000,0x00000007c0000000)
 ParOldGen       total 64000K, used 58331K [0x0000000790000000, 0x0000000793e80000, 0x00000007b0000000)
  object space 64000K, 91% used [0x0000000790000000,0x00000007938f6e60,0x0000000793e80000)
 Metaspace       used 51689K, capacity 52942K, committed 53060K, reserved 1095680K
  class space    used 5896K, capacity 6268K, committed 6272K, reserved 1048576K
}
Event: 13.609 GC heap before
{Heap before GC invocations=52 (full 5):
 PSYoungGen      total 249344K, used 12771K [0x00000007b0000000, 0x00000007c0000000, 0x00000007c0000000)
  eden space 236544K, 0% used [0x00000007b0000000,0x00000007b0000000,0x00000007be700000)
  from space 12800K, 99% used [0x00000007be700000,0x00000007bf378ed8,0x00000007bf380000)
  to   space 12800K, 0% used [0x00000007bf380000,0x00000007bf380000,0x00000007c0000000)
 ParOldGen       total 64000K, used 58331K [0x0000000790000000, 0x0000000793e80000, 0x00000007b0000000)
  object space 64000K, 91% used [0x0000000790000000,0x00000007938f6e60,0x0000000793e80000)
 Metaspace       used 51689K, capacity 52942K, committed 53060K, reserved 1095680K
  class space    used 5896K, capacity 6268K, committed 6272K, reserved 1048576K
Event: 14.280 GC heap after
Heap after GC invocations=52 (full 5):
 PSYoungGen      total 249344K, used 6092K [0x00000007b0000000, 0x00000007c0000000, 0x00000007c0000000)
  eden space 236544K, 0% used [0x00000007b0000000,0x00000007b0000000,0x00000007be700000)
  from space 12800K, 47% used [0x00000007be700000,0x00000007becf30b8,0x00000007bf380000)
  to   space 12800K, 0% used [0x00000007bf380000,0x00000007bf380000,0x00000007c0000000)
 ParOldGen       total 76800K, used 63583K [0x0000000790000000, 0x0000000794b00000, 0x00000007b0000000)
  object space 76800K, 82% used [0x0000000790000000,0x0000000793e17c58,0x0000000794b00000)
 Metaspace       used 51689K, capacity 52942K, committed 53060K, reserved 1095680K
  class space    used 5896K, capacity 6268K, committed 6272K, reserved 1048576K
}
Event: 15.193 GC heap before
{Heap before GC invocations=53 (full 5):
 PSYoungGen      total 249344K, used 242636K [0x00000007b0000000, 0x00000007c0000000, 0x00000007c0000000)
  eden space 236544K, 100% used [0x00000007b0000000,0x00000007be700000,0x00000007be700000)
  from space 12800K, 47% used [0x00000007be700000,0x00000007becf30b8,0x00000007bf380000)
  to   space 12800K, 0% used [0x00000007bf380000,0x00000007bf380000,0x00000007c0000000)
 ParOldGen       total 76800K, used 63583K [0x0000000790000000, 0x0000000794b00000, 0x00000007b0000000)
  object space 76800K, 82% used [0x0000000790000000,0x0000000793e17c58,0x0000000794b00000)
 Metaspace       used 53239K, capacity 54482K, committed 54852K, reserved 1097728K
  class space    used 6039K, capacity 6434K, committed 6528K, reserved 1048576K
Event: 15.222 GC heap after
Heap after GC invocations=53 (full 5):
 PSYoungGen      total 237056K, used 12768K [0x00000007b0000000, 0x00000007c0000000, 0x00000007c0000000)
  eden space 224256K, 0% used [0x00000007b0000000,0x00000007b0000000,0x00000007bdb00000)
  from space 12800K, 99% used [0x00000007bf380000,0x00000007bfff8020,0x00000007c0000000)
  to   space 18944K, 0% used [0x00000007bdb00000,0x00000007bdb00000,0x00000007bed80000)
 ParOldGen       total 76800K, used 67576K [0x0000000790000000, 0x0000000794b00000, 0x00000007b0000000)
  object space 76800K, 87% used [0x0000000790000000,0x00000007941fe148,0x0000000794b00000)
 Metaspace       used 53239K, capacity 54482K, committed 54852K, reserved 1097728K
  class space    used 6039K, capacity 6434K, committed 6528K, reserved 1048576K
}
Event: 15.790 GC heap before
{Heap before GC invocations=54 (full 5):
 PSYoungGen      total 237056K, used 237024K [0x00000007b0000000, 0x00000007c0000000, 0x00000007c0000000)
  eden space 224256K, 100% used [0x00000007b0000000,0x00000007bdb00000,0x00000007bdb00000)
  from space 12800K, 99% used [0x00000007bf380000,0x00000007bfff8020,0x00000007c0000000)
  to   space 18944K, 0% used [0x00000007bdb00000,0x00000007bdb00000,0x00000007bed80000)
 ParOldGen       total 76800K, used 67576K [0x0000000790000000, 0x0000000794b00000, 0x00000007b0000000)
  object space 76800K, 87% used [0x0000000790000000,0x00000007941fe148,0x0000000794b00000)
 Metaspace       used 55281K, capacity 56618K, committed 56900K, reserved 1099776K
  class space    used 6368K, capacity 6763K, committed 6784K, reserved 1048576K
Event: 15.816 GC heap after
Heap after GC invocations=54 (full 5):
 PSYoungGen      total 243200K, used 18923K [0x00000007b0000000, 0x00000007c0000000, 0x00000007c0000000)
  eden space 224256K, 0% used [0x00000007b0000000,0x00000007b0000000,0x00000007bdb00000)
  from space 18944K, 99% used [0x00000007bdb00000,0x00000007bed7ad00,0x00000007bed80000)
  to   space 18944K, 0% used [0x00000007bed80000,0x00000007bed80000,0x00000007c0000000)
 ParOldGen       total 76800K, used 70490K [0x0000000790000000, 0x0000000794b00000, 0x00000007b0000000)
  object space 76800K, 91% used [0x0000000790000000,0x00000007944d68d0,0x0000000794b00000)
 Metaspace       used 55281K, capacity 56618K, committed 56900K, reserved 1099776K
  class space    used 6368K, capacity 6763K, committed 6784K, reserved 1048576K
}
Event: 15.816 GC heap before
{Heap before GC invocations=55 (full 6):
 PSYoungGen      total 243200K, used 18923K [0x00000007b0000000, 0x00000007c0000000, 0x00000007c0000000)
  eden space 224256K, 0% used [0x00000007b0000000,0x00000007b0000000,0x00000007bdb00000)
  from space 18944K, 99% used [0x00000007bdb00000,0x00000007bed7ad00,0x00000007bed80000)
  to   space 18944K, 0% used [0x00000007bed80000,0x00000007bed80000,0x00000007c0000000)
 ParOldGen       total 76800K, used 70490K [0x0000000790000000, 0x0000000794b00000, 0x00000007b0000000)
  object space 76800K, 91% used [0x0000000790000000,0x00000007944d68d0,0x0000000794b00000)
 Metaspace       used 55281K, capacity 56618K, committed 56900K, reserved 1099776K
  class space    used 6368K, capacity 6763K, committed 6784K, reserved 1048576K
Event: 16.281 GC heap after
Heap after GC invocations=55 (full 6):
 PSYoungGen      total 243200K, used 10605K [0x00000007b0000000, 0x00000007c0000000, 0x00000007c0000000)
  eden space 224256K, 0% used [0x00000007b0000000,0x00000007b0000000,0x00000007bdb00000)
  from space 18944K, 55% used [0x00000007bdb00000,0x00000007be55b6c0,0x00000007bed80000)
  to   space 18944K, 0% used [0x00000007bed80000,0x00000007bed80000,0x00000007c0000000)
 ParOldGen       total 92160K, used 76706K [0x0000000790000000, 0x0000000795a00000, 0x00000007b0000000)
  object space 92160K, 83% used [0x0000000790000000,0x0000000794ae88f8,0x0000000795a00000)
 Metaspace       used 55281K, capacity 56618K, committed 56900K, reserved 1099776K
  class space    used 6368K, capacity 6763K, committed 6784K, reserved 1048576K
}

