# JRE version: Java(TM) SE Runtime Environment (8.0_05-b13) (build 1.8.0_05-b13)
# Java VM: Java HotSpot(TM) 64-Bit Server VM (25.5-b02 mixed mode bsd-amd64 compressed oops)
Heap:
 PSYoungGen      total 236544K, used 110974K [0x00000007b0000000, 0x00000007c0000000, 0x00000007c0000000)
  eden space 218112K, 42% used [0x00000007b0000000,0x00000007b5aa5030,0x00000007bd500000)
  from space 18432K, 98% used [0x00000007bd500000,0x00000007be6ba850,0x00000007be700000)
  to   space 24064K, 0% used [0x00000007be880000,0x00000007be880000,0x00000007c0000000)
 ParOldGen       total 89600K, used 73347K [0x0000000790000000, 0x0000000795780000, 0x00000007b0000000)
  object space 89600K, 81% used [0x0000000790000000,0x00000007947a0fa0,0x0000000795780000)
 Metaspace       used 56133K, capacity 57598K, committed 57728K, reserved 1099776K
  class space    used 6491K, capacity 6947K, committed 7040K, reserved 1048576K
GC Heap History (10 events):
Event: 11.868 GC heap before
{Heap before GC invocations=51 (full 5):
 PSYoungGen      total 239616K, used 239478K [0x00000007b0000000, 0x00000007bff00000, 0x00000007c0000000)
  eden space 235520K, 100% used [0x00000007b0000000,0x00000007be600000,0x00000007be600000)
  from space 4096K, 96% used [0x00000007be600000,0x00000007be9dd940,0x00000007bea00000)
  to   space 12800K, 0% used [0x00000007bf280000,0x00000007bf280000,0x00000007bff00000)
 ParOldGen       total 70656K, used 58547K [0x0000000790000000, 0x0000000794500000, 0x00000007b0000000)
  object space 70656K, 82% used [0x0000000790000000,0x000000079392cf18,0x0000000794500000)
 Metaspace       used 50907K, capacity 52032K, committed 52352K, reserved 1095680K
  class space    used 5805K, capacity 6185K, committed 6272K, reserved 1048576K
Event: 11.877 GC heap after
Heap after GC invocations=51 (full 5):
 PSYoungGen      total 248320K, used 7036K [0x00000007b0000000, 0x00000007c0000000, 0x00000007c0000000)
  eden space 235520K, 0% used [0x00000007b0000000,0x00000007b0000000,0x00000007be600000)
  from space 12800K, 54% used [0x00000007bf280000,0x00000007bf95f038,0x00000007bff00000)
  to   space 12800K, 0% used [0x00000007be600000,0x00000007be600000,0x00000007bf280000)
 ParOldGen       total 70656K, used 58555K [0x0000000790000000, 0x0000000794500000, 0x00000007b0000000)
  object space 70656K, 82% used [0x0000000790000000,0x000000079392ef18,0x0000000794500000)
 Metaspace       used 50907K, capacity 52032K, committed 52352K, reserved 1095680K
  class space    used 5805K, capacity 6185K, committed 6272K, reserved 1048576K
}
Event: 12.960 GC heap before
{Heap before GC invocations=52 (full 5):
 PSYoungGen      total 248320K, used 242556K [0x00000007b0000000, 0x00000007c0000000, 0x00000007c0000000)
  eden space 235520K, 100% used [0x00000007b0000000,0x00000007be600000,0x00000007be600000)
  from space 12800K, 54% used [0x00000007bf280000,0x00000007bf95f038,0x00000007bff00000)
  to   space 12800K, 0% used [0x00000007be600000,0x00000007be600000,0x00000007bf280000)
 ParOldGen       total 70656K, used 58555K [0x0000000790000000, 0x0000000794500000, 0x00000007b0000000)
  object space 70656K, 82% used [0x0000000790000000,0x000000079392ef18,0x0000000794500000)
 Metaspace       used 51913K, capacity 53188K, committed 53504K, reserved 1095680K
  class space    used 5933K, capacity 6302K, committed 6400K, reserved 1048576K
Event: 12.974 GC heap after
Heap after GC invocations=52 (full 5):
 PSYoungGen      total 248320K, used 12799K [0x00000007b0000000, 0x00000007c0000000, 0x00000007c0000000)
  eden space 235520K, 0% used [0x00000007b0000000,0x00000007b0000000,0x00000007be600000)
  from space 12800K, 99% used [0x00000007be600000,0x00000007bf27feb8,0x00000007bf280000)
  to   space 13824K, 0% used [0x00000007bf280000,0x00000007bf280000,0x00000007c0000000)
 ParOldGen       total 70656K, used 60193K [0x0000000790000000, 0x0000000794500000, 0x00000007b0000000)
  object space 70656K, 85% used [0x0000000790000000,0x0000000793ac8420,0x0000000794500000)
 Metaspace       used 51913K, capacity 53188K, committed 53504K, reserved 1095680K
  class space    used 5933K, capacity 6302K, committed 6400K, reserved 1048576K
}
Event: 14.093 GC heap before
{Heap before GC invocations=53 (full 5):
 PSYoungGen      total 248320K, used 247298K [0x00000007b0000000, 0x00000007c0000000, 0x00000007c0000000)
  eden space 235520K, 99% used [0x00000007b0000000,0x00000007be500c88,0x00000007be600000)
  from space 12800K, 99% used [0x00000007be600000,0x00000007bf27feb8,0x00000007bf280000)
  to   space 13824K, 0% used [0x00000007bf280000,0x00000007bf280000,0x00000007c0000000)
 ParOldGen       total 70656K, used 60193K [0x0000000790000000, 0x0000000794500000, 0x00000007b0000000)
  object space 70656K, 85% used [0x0000000790000000,0x0000000793ac8420,0x0000000794500000)
 Metaspace       used 54312K, capacity 55612K, committed 55808K, reserved 1097728K
  class space    used 6207K, capacity 6595K, committed 6656K, reserved 1048576K
Event: 14.126 GC heap after
Heap after GC invocations=53 (full 5):
 PSYoungGen      total 231936K, used 13807K [0x00000007b0000000, 0x00000007c0000000, 0x00000007c0000000)
  eden space 218112K, 0% used [0x00000007b0000000,0x00000007b0000000,0x00000007bd500000)
  from space 13824K, 99% used [0x00000007bf280000,0x00000007bfffbe88,0x00000007c0000000)
  to   space 22016K, 0% used [0x00000007bd500000,0x00000007bd500000,0x00000007bea80000)
 ParOldGen       total 72704K, used 72559K [0x0000000790000000, 0x0000000794700000, 0x00000007b0000000)
  object space 72704K, 99% used [0x0000000790000000,0x00000007946dbe18,0x0000000794700000)
 Metaspace       used 54312K, capacity 55612K, committed 55808K, reserved 1097728K
  class space    used 6207K, capacity 6595K, committed 6656K, reserved 1048576K
}
Event: 14.126 GC heap before
{Heap before GC invocations=54 (full 6):
 PSYoungGen      total 231936K, used 13807K [0x00000007b0000000, 0x00000007c0000000, 0x00000007c0000000)
  eden space 218112K, 0% used [0x00000007b0000000,0x00000007b0000000,0x00000007bd500000)
  from space 13824K, 99% used [0x00000007bf280000,0x00000007bfffbe88,0x00000007c0000000)
  to   space 22016K, 0% used [0x00000007bd500000,0x00000007bd500000,0x00000007bea80000)
 ParOldGen       total 72704K, used 72559K [0x0000000790000000, 0x0000000794700000, 0x00000007b0000000)
  object space 72704K, 99% used [0x0000000790000000,0x00000007946dbe18,0x0000000794700000)
 Metaspace       used 54312K, capacity 55612K, committed 55808K, reserved 1097728K
  class space    used 6207K, capacity 6595K, committed 6656K, reserved 1048576K
Event: 14.800 GC heap after
Heap after GC invocations=54 (full 6):
 PSYoungGen      total 231936K, used 12156K [0x00000007b0000000, 0x00000007c0000000, 0x00000007c0000000)
  eden space 218112K, 0% used [0x00000007b0000000,0x00000007b0000000,0x00000007bd500000)
  from space 13824K, 87% used [0x00000007bf280000,0x00000007bfe5f0d0,0x00000007c0000000)
  to   space 22016K, 0% used [0x00000007bd500000,0x00000007bd500000,0x00000007bea80000)
 ParOldGen       total 89600K, used 72459K [0x0000000790000000, 0x0000000795780000, 0x00000007b0000000)
  object space 89600K, 80% used [0x0000000790000000,0x00000007946c2e90,0x0000000795780000)
 Metaspace       used 54312K, capacity 55612K, committed 55808K, reserved 1097728K
  class space    used 6207K, capacity 6595K, committed 6656K, reserved 1048576K
}
Event: 15.434 GC heap before
{Heap before GC invocations=55 (full 6):
 PSYoungGen      total 231936K, used 228393K [0x00000007b0000000, 0x00000007c0000000, 0x00000007c0000000)
  eden space 218112K, 99% used [0x00000007b0000000,0x00000007bd32b6b8,0x00000007bd500000)
  from space 13824K, 87% used [0x00000007bf280000,0x00000007bfe5f0d0,0x00000007c0000000)
  to   space 22016K, 0% used [0x00000007bd500000,0x00000007bd500000,0x00000007bea80000)
 ParOldGen       total 89600K, used 72459K [0x0000000790000000, 0x0000000795780000, 0x00000007b0000000)
  object space 89600K, 80% used [0x0000000790000000,0x00000007946c2e90,0x0000000795780000)
 Metaspace       used 55460K, capacity 56754K, committed 57088K, reserved 1099776K
  class space    used 6397K, capacity 6804K, committed 6912K, reserved 1048576K
Event: 15.472 GC heap after
Heap after GC invocations=55 (full 6):
 PSYoungGen      total 236544K, used 18154K [0x00000007b0000000, 0x00000007c0000000, 0x00000007c0000000)
  eden space 218112K, 0% used [0x00000007b0000000,0x00000007b0000000,0x00000007bd500000)
  from space 18432K, 98% used [0x00000007bd500000,0x00000007be6ba850,0x00000007be700000)
  to   space 24064K, 0% used [0x00000007be880000,0x00000007be880000,0x00000007c0000000)
 ParOldGen       total 89600K, used 73347K [0x0000000790000000, 0x0000000795780000, 0x00000007b0000000)
  object space 89600K, 81% used [0x0000000790000000,0x00000007947a0fa0,0x0000000795780000)
 Metaspace       used 55460K, capacity 56754K, committed 57088K, reserved 1099776K
  class space    used 6397K, capacity 6804K, committed 6912K, reserved 1048576K
}

