# JRE version: Java(TM) SE Runtime Environment (8.0_05-b13) (build 1.8.0_05-b13)
# Java VM: Java HotSpot(TM) 64-Bit Server VM (25.5-b02 mixed mode bsd-amd64 compressed oops)
Heap:
 PSYoungGen      total 247296K, used 185199K [0x000000013c800000, 0x000000014c800000, 0x000000014c800000)
  eden space 233984K, 74% used [0x000000013c800000,0x0000000147270ea0,0x000000014ac80000)
  from space 13312K, 80% used [0x000000014ac80000,0x000000014b6ead60,0x000000014b980000)
  to   space 14848K, 0% used [0x000000014b980000,0x000000014b980000,0x000000014c800000)
 ParOldGen       total 84992K, used 69616K [0x000000011c800000, 0x0000000121b00000, 0x000000013c800000)
  object space 84992K, 81% used [0x000000011c800000,0x0000000120bfc2e8,0x0000000121b00000)
 Metaspace       used 55458K, capacity 56700K, committed 56960K, reserved 1099776K
  class space    used 6388K, capacity 6767K, committed 6784K, reserved 1048576K
GC Heap History (10 events):
Event: 13.088 GC heap before
{Heap before GC invocations=61 (full 5):
 PSYoungGen      total 214016K, used 208077K [0x000000013c800000, 0x000000014b100000, 0x000000014c800000)
  eden space 204800K, 100% used [0x000000013c800000,0x0000000149000000,0x0000000149000000)
  from space 9216K, 35% used [0x0000000149000000,0x0000000149333520,0x0000000149900000)
  to   space 8704K, 0% used [0x000000014a880000,0x000000014a880000,0x000000014b100000)
 ParOldGen       total 69632K, used 56643K [0x000000011c800000, 0x0000000120c00000, 0x000000013c800000)
  object space 69632K, 81% used [0x000000011c800000,0x000000011ff50dd8,0x0000000120c00000)
 Metaspace       used 49735K, capacity 50902K, committed 51200K, reserved 1093632K
  class space    used 5634K, capacity 6024K, committed 6144K, reserved 1048576K
Event: 13.099 GC heap after
Heap after GC invocations=61 (full 5):
 PSYoungGen      total 228864K, used 5412K [0x000000013c800000, 0x000000014b080000, 0x000000014c800000)
  eden space 220672K, 0% used [0x000000013c800000,0x000000013c800000,0x0000000149f80000)
  from space 8192K, 66% used [0x000000014a880000,0x000000014adc9000,0x000000014b080000)
  to   space 8704K, 0% used [0x0000000149f80000,0x0000000149f80000,0x000000014a800000)
 ParOldGen       total 69632K, used 56651K [0x000000011c800000, 0x0000000120c00000, 0x000000013c800000)
  object space 69632K, 81% used [0x000000011c800000,0x000000011ff52dd8,0x0000000120c00000)
 Metaspace       used 49735K, capacity 50902K, committed 51200K, reserved 1093632K
  class space    used 5634K, capacity 6024K, committed 6144K, reserved 1048576K
}
Event: 13.624 GC heap before
{Heap before GC invocations=62 (full 5):
 PSYoungGen      total 228864K, used 218154K [0x000000013c800000, 0x000000014b080000, 0x000000014c800000)
  eden space 220672K, 96% used [0x000000013c800000,0x00000001497c1b00,0x0000000149f80000)
  from space 8192K, 66% used [0x000000014a880000,0x000000014adc9000,0x000000014b080000)
  to   space 8704K, 0% used [0x0000000149f80000,0x0000000149f80000,0x000000014a800000)
 ParOldGen       total 69632K, used 56651K [0x000000011c800000, 0x0000000120c00000, 0x000000013c800000)
  object space 69632K, 81% used [0x000000011c800000,0x000000011ff52dd8,0x0000000120c00000)
 Metaspace       used 51017K, capacity 52214K, committed 52608K, reserved 1095680K
  class space    used 5809K, capacity 6184K, committed 6272K, reserved 1048576K
Event: 13.643 GC heap after
Heap after GC invocations=62 (full 5):
 PSYoungGen      total 229376K, used 8341K [0x000000013c800000, 0x000000014c380000, 0x000000014c800000)
  eden space 220672K, 0% used [0x000000013c800000,0x000000013c800000,0x0000000149f80000)
  from space 8704K, 95% used [0x0000000149f80000,0x000000014a7a5430,0x000000014a800000)
  to   space 10240K, 0% used [0x000000014b980000,0x000000014b980000,0x000000014c380000)
 ParOldGen       total 69632K, used 56659K [0x000000011c800000, 0x0000000120c00000, 0x000000013c800000)
  object space 69632K, 81% used [0x000000011c800000,0x000000011ff54dd8,0x0000000120c00000)
 Metaspace       used 51017K, capacity 52214K, committed 52608K, reserved 1095680K
  class space    used 5809K, capacity 6184K, committed 6272K, reserved 1048576K
}
Event: 14.367 GC heap before
{Heap before GC invocations=63 (full 5):
 PSYoungGen      total 229376K, used 229013K [0x000000013c800000, 0x000000014c380000, 0x000000014c800000)
  eden space 220672K, 100% used [0x000000013c800000,0x0000000149f80000,0x0000000149f80000)
  from space 8704K, 95% used [0x0000000149f80000,0x000000014a7a5430,0x000000014a800000)
  to   space 10240K, 0% used [0x000000014b980000,0x000000014b980000,0x000000014c380000)
 ParOldGen       total 69632K, used 56659K [0x000000011c800000, 0x0000000120c00000, 0x000000013c800000)
  object space 69632K, 81% used [0x000000011c800000,0x000000011ff54dd8,0x0000000120c00000)
 Metaspace       used 51937K, capacity 53134K, committed 53504K, reserved 1095680K
  class space    used 5931K, capacity 6332K, committed 6400K, reserved 1048576K
Event: 14.391 GC heap after
Heap after GC invocations=63 (full 5):
 PSYoungGen      total 244224K, used 10229K [0x000000013c800000, 0x000000014c800000, 0x000000014c800000)
  eden space 233984K, 0% used [0x000000013c800000,0x000000013c800000,0x000000014ac80000)
  from space 10240K, 99% used [0x000000014b980000,0x000000014c37d7b8,0x000000014c380000)
  to   space 13312K, 0% used [0x000000014ac80000,0x000000014ac80000,0x000000014b980000)
 ParOldGen       total 69632K, used 60660K [0x000000011c800000, 0x0000000120c00000, 0x000000013c800000)
  object space 69632K, 87% used [0x000000011c800000,0x000000012033d0e8,0x0000000120c00000)
 Metaspace       used 51937K, capacity 53134K, committed 53504K, reserved 1095680K
  class space    used 5931K, capacity 6332K, committed 6400K, reserved 1048576K
}
Event: 15.373 GC heap before
{Heap before GC invocations=64 (full 5):
 PSYoungGen      total 244224K, used 244213K [0x000000013c800000, 0x000000014c800000, 0x000000014c800000)
  eden space 233984K, 100% used [0x000000013c800000,0x000000014ac80000,0x000000014ac80000)
  from space 10240K, 99% used [0x000000014b980000,0x000000014c37d7b8,0x000000014c380000)
  to   space 13312K, 0% used [0x000000014ac80000,0x000000014ac80000,0x000000014b980000)
 ParOldGen       total 69632K, used 60660K [0x000000011c800000, 0x0000000120c00000, 0x000000013c800000)
  object space 69632K, 87% used [0x000000011c800000,0x000000012033d0e8,0x0000000120c00000)
 Metaspace       used 53566K, capacity 54834K, committed 55168K, reserved 1097728K
  class space    used 6075K, capacity 6466K, committed 6528K, reserved 1048576K
Event: 15.396 GC heap after
Heap after GC invocations=64 (full 5):
 PSYoungGen      total 247296K, used 13298K [0x000000013c800000, 0x000000014c800000, 0x000000014c800000)
  eden space 233984K, 0% used [0x000000013c800000,0x000000013c800000,0x000000014ac80000)
  from space 13312K, 99% used [0x000000014ac80000,0x000000014b97ca68,0x000000014b980000)
  to   space 14848K, 0% used [0x000000014b980000,0x000000014b980000,0x000000014c800000)
 ParOldGen       total 69632K, used 68307K [0x000000011c800000, 0x0000000120c00000, 0x000000013c800000)
  object space 69632K, 98% used [0x000000011c800000,0x0000000120ab4c50,0x0000000120c00000)
 Metaspace       used 53566K, capacity 54834K, committed 55168K, reserved 1097728K
  class space    used 6075K, capacity 6466K, committed 6528K, reserved 1048576K
}
Event: 15.396 GC heap before
{Heap before GC invocations=65 (full 6):
 PSYoungGen      total 247296K, used 13298K [0x000000013c800000, 0x000000014c800000, 0x000000014c800000)
  eden space 233984K, 0% used [0x000000013c800000,0x000000013c800000,0x000000014ac80000)
  from space 13312K, 99% used [0x000000014ac80000,0x000000014b97ca68,0x000000014b980000)
  to   space 14848K, 0% used [0x000000014b980000,0x000000014b980000,0x000000014c800000)
 ParOldGen       total 69632K, used 68307K [0x000000011c800000, 0x0000000120c00000, 0x000000013c800000)
  object space 69632K, 98% used [0x000000011c800000,0x0000000120ab4c50,0x0000000120c00000)
 Metaspace       used 53566K, capacity 54834K, committed 55168K, reserved 1097728K
  class space    used 6075K, capacity 6466K, committed 6528K, reserved 1048576K
Event: 16.209 GC heap after
Heap after GC invocations=65 (full 6):
 PSYoungGen      total 247296K, used 10667K [0x000000013c800000, 0x000000014c800000, 0x000000014c800000)
  eden space 233984K, 0% used [0x000000013c800000,0x000000013c800000,0x000000014ac80000)
  from space 13312K, 80% used [0x000000014ac80000,0x000000014b6ead60,0x000000014b980000)
  to   space 14848K, 0% used [0x000000014b980000,0x000000014b980000,0x000000014c800000)
 ParOldGen       total 84992K, used 69616K [0x000000011c800000, 0x0000000121b00000, 0x000000013c800000)
  object space 84992K, 81% used [0x000000011c800000,0x0000000120bfc2e8,0x0000000121b00000)
 Metaspace       used 53566K, capacity 54834K, committed 55168K, reserved 1097728K
  class space    used 6075K, capacity 6466K, committed 6528K, reserved 1048576K
}

