# JRE version: Java(TM) SE Runtime Environment (8.0_05-b13) (build 1.8.0_05-b13)
# Java VM: Java HotSpot(TM) 64-Bit Server VM (25.5-b02 mixed mode bsd-amd64 compressed oops)
Heap:
 PSYoungGen      total 240128K, used 30442K [0x00000007b0000000, 0x00000007c0000000, 0x00000007c0000000)
  eden space 218112K, 6% used [0x00000007b0000000,0x00000007b0dd1338,0x00000007bd500000)
  from space 22016K, 74% used [0x00000007bd500000,0x00000007be4e97c0,0x00000007bea80000)
  to   space 22016K, 0% used [0x00000007bea80000,0x00000007bea80000,0x00000007c0000000)
 ParOldGen       total 93184K, used 75102K [0x0000000790000000, 0x0000000795b00000, 0x00000007b0000000)
  object space 93184K, 80% used [0x0000000790000000,0x0000000794957bb0,0x0000000795b00000)
 Metaspace       used 56253K, capacity 57562K, committed 57772K, reserved 1099776K
  class space    used 6414K, capacity 6808K, committed 6828K, reserved 1048576K
GC Heap History (10 events):
Event: 10.034 GC heap before
{Heap before GC invocations=53 (full 5):
 PSYoungGen      total 232448K, used 232411K [0x00000007b0000000, 0x00000007bff00000, 0x00000007c0000000)
  eden space 229376K, 100% used [0x00000007b0000000,0x00000007be000000,0x00000007be000000)
  from space 3072K, 98% used [0x00000007be000000,0x00000007be2f6fa8,0x00000007be300000)
  to   space 15872K, 0% used [0x00000007bef80000,0x00000007bef80000,0x00000007bff00000)
 ParOldGen       total 75264K, used 60051K [0x0000000790000000, 0x0000000794980000, 0x00000007b0000000)
  object space 75264K, 79% used [0x0000000790000000,0x0000000793aa4fd8,0x0000000794980000)
 Metaspace       used 51427K, capacity 52624K, committed 52780K, reserved 1095680K
  class space    used 5790K, capacity 6187K, committed 6188K, reserved 1048576K
Event: 10.047 GC heap after
Heap after GC invocations=53 (full 5):
 PSYoungGen      total 245760K, used 7438K [0x00000007b0000000, 0x00000007c0000000, 0x00000007c0000000)
  eden space 229888K, 0% used [0x00000007b0000000,0x00000007b0000000,0x00000007be080000)
  from space 15872K, 46% used [0x00000007bef80000,0x00000007bf6c3860,0x00000007bff00000)
  to   space 15360K, 0% used [0x00000007be080000,0x00000007be080000,0x00000007bef80000)
 ParOldGen       total 75264K, used 60059K [0x0000000790000000, 0x0000000794980000, 0x00000007b0000000)
  object space 75264K, 79% used [0x0000000790000000,0x0000000793aa6fd8,0x0000000794980000)
 Metaspace       used 51427K, capacity 52624K, committed 52780K, reserved 1095680K
  class space    used 5790K, capacity 6187K, committed 6188K, reserved 1048576K
}
Event: 10.813 GC heap before
{Heap before GC invocations=54 (full 5):
 PSYoungGen      total 245760K, used 237326K [0x00000007b0000000, 0x00000007c0000000, 0x00000007c0000000)
  eden space 229888K, 100% used [0x00000007b0000000,0x00000007be080000,0x00000007be080000)
  from space 15872K, 46% used [0x00000007bef80000,0x00000007bf6c3860,0x00000007bff00000)
  to   space 15360K, 0% used [0x00000007be080000,0x00000007be080000,0x00000007bef80000)
 ParOldGen       total 75264K, used 60059K [0x0000000790000000, 0x0000000794980000, 0x00000007b0000000)
  object space 75264K, 79% used [0x0000000790000000,0x0000000793aa6fd8,0x0000000794980000)
 Metaspace       used 52452K, capacity 53618K, committed 53932K, reserved 1097728K
  class space    used 5916K, capacity 6295K, committed 6316K, reserved 1048576K
Event: 10.839 GC heap after
Heap after GC invocations=54 (full 5):
 PSYoungGen      total 243200K, used 13254K [0x00000007b0000000, 0x00000007c0000000, 0x00000007c0000000)
  eden space 229888K, 0% used [0x00000007b0000000,0x00000007b0000000,0x00000007be080000)
  from space 13312K, 99% used [0x00000007be080000,0x00000007bed71978,0x00000007bed80000)
  to   space 17408K, 0% used [0x00000007bef00000,0x00000007bef00000,0x00000007c0000000)
 ParOldGen       total 75264K, used 60067K [0x0000000790000000, 0x0000000794980000, 0x00000007b0000000)
  object space 75264K, 79% used [0x0000000790000000,0x0000000793aa8fd8,0x0000000794980000)
 Metaspace       used 52452K, capacity 53618K, committed 53932K, reserved 1097728K
  class space    used 5916K, capacity 6295K, committed 6316K, reserved 1048576K
}
Event: 11.846 GC heap before
{Heap before GC invocations=55 (full 5):
 PSYoungGen      total 243200K, used 243142K [0x00000007b0000000, 0x00000007c0000000, 0x00000007c0000000)
  eden space 229888K, 100% used [0x00000007b0000000,0x00000007be080000,0x00000007be080000)
  from space 13312K, 99% used [0x00000007be080000,0x00000007bed71978,0x00000007bed80000)
  to   space 17408K, 0% used [0x00000007bef00000,0x00000007bef00000,0x00000007c0000000)
 ParOldGen       total 75264K, used 60067K [0x0000000790000000, 0x0000000794980000, 0x00000007b0000000)
  object space 75264K, 79% used [0x0000000790000000,0x0000000793aa8fd8,0x0000000794980000)
 Metaspace       used 54185K, capacity 55436K, committed 55724K, reserved 1097728K
  class space    used 6074K, capacity 6469K, committed 6572K, reserved 1048576K
Event: 11.888 GC heap after
Heap after GC invocations=55 (full 5):
 PSYoungGen      total 235520K, used 17398K [0x00000007b0000000, 0x00000007c0000000, 0x00000007c0000000)
  eden space 218112K, 0% used [0x00000007b0000000,0x00000007b0000000,0x00000007bd500000)
  from space 17408K, 99% used [0x00000007bef00000,0x00000007bfffd968,0x00000007c0000000)
  to   space 22016K, 0% used [0x00000007bd500000,0x00000007bd500000,0x00000007bea80000)
 ParOldGen       total 75264K, used 65839K [0x0000000790000000, 0x0000000794980000, 0x00000007b0000000)
  object space 75264K, 87% used [0x0000000790000000,0x000000079404bd38,0x0000000794980000)
 Metaspace       used 54185K, capacity 55436K, committed 55724K, reserved 1097728K
  class space    used 6074K, capacity 6469K, committed 6572K, reserved 1048576K
}
Event: 12.698 GC heap before
{Heap before GC invocations=56 (full 5):
 PSYoungGen      total 235520K, used 235510K [0x00000007b0000000, 0x00000007c0000000, 0x00000007c0000000)
  eden space 218112K, 100% used [0x00000007b0000000,0x00000007bd500000,0x00000007bd500000)
  from space 17408K, 99% used [0x00000007bef00000,0x00000007bfffd968,0x00000007c0000000)
  to   space 22016K, 0% used [0x00000007bd500000,0x00000007bd500000,0x00000007bea80000)
 ParOldGen       total 75264K, used 65839K [0x0000000790000000, 0x0000000794980000, 0x00000007b0000000)
  object space 75264K, 87% used [0x0000000790000000,0x000000079404bd38,0x0000000794980000)
 Metaspace       used 56148K, capacity 57438K, committed 57772K, reserved 1099776K
  class space    used 6395K, capacity 6796K, committed 6828K, reserved 1048576K
Event: 12.725 GC heap after
Heap after GC invocations=56 (full 5):
 PSYoungGen      total 240128K, used 22005K [0x00000007b0000000, 0x00000007c0000000, 0x00000007c0000000)
  eden space 218112K, 0% used [0x00000007b0000000,0x00000007b0000000,0x00000007bd500000)
  from space 22016K, 99% used [0x00000007bd500000,0x00000007bea7d6a8,0x00000007bea80000)
  to   space 22016K, 0% used [0x00000007bea80000,0x00000007bea80000,0x00000007c0000000)
 ParOldGen       total 75264K, used 71153K [0x0000000790000000, 0x0000000794980000, 0x00000007b0000000)
  object space 75264K, 94% used [0x0000000790000000,0x000000079457c520,0x0000000794980000)
 Metaspace       used 56148K, capacity 57438K, committed 57772K, reserved 1099776K
  class space    used 6395K, capacity 6796K, committed 6828K, reserved 1048576K
}
Event: 12.725 GC heap before
{Heap before GC invocations=57 (full 6):
 PSYoungGen      total 240128K, used 22005K [0x00000007b0000000, 0x00000007c0000000, 0x00000007c0000000)
  eden space 218112K, 0% used [0x00000007b0000000,0x00000007b0000000,0x00000007bd500000)
  from space 22016K, 99% used [0x00000007bd500000,0x00000007bea7d6a8,0x00000007bea80000)
  to   space 22016K, 0% used [0x00000007bea80000,0x00000007bea80000,0x00000007c0000000)
 ParOldGen       total 75264K, used 71153K [0x0000000790000000, 0x0000000794980000, 0x00000007b0000000)
  object space 75264K, 94% used [0x0000000790000000,0x000000079457c520,0x0000000794980000)
 Metaspace       used 56148K, capacity 57438K, committed 57772K, reserved 1099776K
  class space    used 6395K, capacity 6796K, committed 6828K, reserved 1048576K
Event: 13.590 GC heap after
Heap after GC invocations=57 (full 6):
 PSYoungGen      total 240128K, used 16293K [0x00000007b0000000, 0x00000007c0000000, 0x00000007c0000000)
  eden space 218112K, 0% used [0x00000007b0000000,0x00000007b0000000,0x00000007bd500000)
  from space 22016K, 74% used [0x00000007bd500000,0x00000007be4e97c0,0x00000007bea80000)
  to   space 22016K, 0% used [0x00000007bea80000,0x00000007bea80000,0x00000007c0000000)
 ParOldGen       total 93184K, used 75102K [0x0000000790000000, 0x0000000795b00000, 0x00000007b0000000)
  object space 93184K, 80% used [0x0000000790000000,0x0000000794957bb0,0x0000000795b00000)
 Metaspace       used 56148K, capacity 57438K, committed 57772K, reserved 1099776K
  class space    used 6395K, capacity 6796K, committed 6828K, reserved 1048576K
}

